CRITICAL - 2022-01-27 00:53:27 --> syntax error, unexpected token "echo"
#0 C:\wamp\www\macassurances\system\Autoloader\Autoloader.php(241): CodeIgniter\Autoloader\Autoloader->includeFile('C:\\wamp\\www\\mac...')
#1 C:\wamp\www\macassurances\system\Autoloader\Autoloader.php(219): CodeIgniter\Autoloader\Autoloader->loadInNamespace('App\\Controllers...')
#2 [internal function]: CodeIgniter\Autoloader\Autoloader->loadClass('App\\Controllers...')
#3 C:\wamp\www\macassurances\system\CodeIgniter.php(790): class_exists('\\App\\Controller...', true)
#4 C:\wamp\www\macassurances\system\CodeIgniter.php(399): CodeIgniter\CodeIgniter->startController()
#5 C:\wamp\www\macassurances\system\CodeIgniter.php(320): CodeIgniter\CodeIgniter->handleRequest(NULL, Object(Config\Cache), false)
#6 C:\wamp\www\macassurances\public\index.php(37): CodeIgniter\CodeIgniter->run()
#7 C:\wamp\www\macassurances\system\Commands\Server\rewrite.php(43): require_once('C:\\wamp\\www\\mac...')
#8 {main}
CRITICAL - 2022-01-27 01:38:11 --> syntax error, unexpected token "echo"
#0 C:\wamp\www\macassurances\system\Autoloader\Autoloader.php(241): CodeIgniter\Autoloader\Autoloader->includeFile('C:\\wamp\\www\\mac...')
#1 C:\wamp\www\macassurances\system\Autoloader\Autoloader.php(219): CodeIgniter\Autoloader\Autoloader->loadInNamespace('App\\Controllers...')
#2 [internal function]: CodeIgniter\Autoloader\Autoloader->loadClass('App\\Controllers...')
#3 C:\wamp\www\macassurances\system\CodeIgniter.php(790): class_exists('\\App\\Controller...', true)
#4 C:\wamp\www\macassurances\system\CodeIgniter.php(399): CodeIgniter\CodeIgniter->startController()
#5 C:\wamp\www\macassurances\system\CodeIgniter.php(320): CodeIgniter\CodeIgniter->handleRequest(NULL, Object(Config\Cache), false)
#6 C:\wamp\www\macassurances\public\index.php(37): CodeIgniter\CodeIgniter->run()
#7 C:\wamp\www\macassurances\system\Commands\Server\rewrite.php(43): require_once('C:\\wamp\\www\\mac...')
#8 {main}
CRITICAL - 2022-01-27 02:32:09 --> foreach() argument must be of type array|object, string given
#0 C:\wamp\www\macassurances\app\Views\slider\home-slider.php(9): CodeIgniter\Debug\Exceptions->errorHandler(2, 'foreach() argum...', 'C:\\wamp\\www\\mac...', 9)
#1 C:\wamp\www\macassurances\system\View\View.php(210): include('C:\\wamp\\www\\mac...')
#2 C:\wamp\www\macassurances\system\View\View.php(213): CodeIgniter\View\View->CodeIgniter\View\{closure}()
#3 C:\wamp\www\macassurances\system\Common.php(1089): CodeIgniter\View\View->render('slider/home-sli...', Array, true)
#4 C:\wamp\www\macassurances\app\Controllers\Home.php(29): view('slider/home-sli...', Array)
#5 C:\wamp\www\macassurances\system\CodeIgniter.php(825): App\Controllers\Home->index()
#6 C:\wamp\www\macassurances\system\CodeIgniter.php(412): CodeIgniter\CodeIgniter->runController(Object(App\Controllers\Home))
#7 C:\wamp\www\macassurances\system\CodeIgniter.php(320): CodeIgniter\CodeIgniter->handleRequest(NULL, Object(Config\Cache), false)
#8 C:\wamp\www\macassurances\public\index.php(37): CodeIgniter\CodeIgniter->run()
#9 C:\wamp\www\macassurances\system\Commands\Server\rewrite.php(43): require_once('C:\\wamp\\www\\mac...')
#10 {main}
CRITICAL - 2022-01-27 02:32:09 --> foreach() argument must be of type array|object, string given
#0 C:\wamp\www\macassurances\app\Views\slider\home-slider.php(9): CodeIgniter\Debug\Exceptions->errorHandler(2, 'foreach() argum...', 'C:\\wamp\\www\\mac...', 9)
#1 C:\wamp\www\macassurances\system\View\View.php(210): include('C:\\wamp\\www\\mac...')
#2 C:\wamp\www\macassurances\system\View\View.php(213): CodeIgniter\View\View->CodeIgniter\View\{closure}()
#3 C:\wamp\www\macassurances\system\Common.php(1089): CodeIgniter\View\View->render('slider/home-sli...', Array, true)
#4 C:\wamp\www\macassurances\app\Controllers\Home.php(29): view('slider/home-sli...', Array)
#5 C:\wamp\www\macassurances\system\CodeIgniter.php(825): App\Controllers\Home->index()
#6 C:\wamp\www\macassurances\system\CodeIgniter.php(412): CodeIgniter\CodeIgniter->runController(Object(App\Controllers\Home))
#7 C:\wamp\www\macassurances\system\CodeIgniter.php(320): CodeIgniter\CodeIgniter->handleRequest(NULL, Object(Config\Cache), false)
#8 C:\wamp\www\macassurances\public\index.php(37): CodeIgniter\CodeIgniter->run()
#9 C:\wamp\www\macassurances\system\Commands\Server\rewrite.php(43): require_once('C:\\wamp\\www\\mac...')
#10 {main}
CRITICAL - 2022-01-27 02:32:12 --> foreach() argument must be of type array|object, string given
#0 C:\wamp\www\macassurances\app\Views\slider\home-slider.php(9): CodeIgniter\Debug\Exceptions->errorHandler(2, 'foreach() argum...', 'C:\\wamp\\www\\mac...', 9)
#1 C:\wamp\www\macassurances\system\View\View.php(210): include('C:\\wamp\\www\\mac...')
#2 C:\wamp\www\macassurances\system\View\View.php(213): CodeIgniter\View\View->CodeIgniter\View\{closure}()
#3 C:\wamp\www\macassurances\system\Common.php(1089): CodeIgniter\View\View->render('slider/home-sli...', Array, true)
#4 C:\wamp\www\macassurances\app\Controllers\Home.php(29): view('slider/home-sli...', Array)
#5 C:\wamp\www\macassurances\system\CodeIgniter.php(825): App\Controllers\Home->index()
#6 C:\wamp\www\macassurances\system\CodeIgniter.php(412): CodeIgniter\CodeIgniter->runController(Object(App\Controllers\Home))
#7 C:\wamp\www\macassurances\system\CodeIgniter.php(320): CodeIgniter\CodeIgniter->handleRequest(NULL, Object(Config\Cache), false)
#8 C:\wamp\www\macassurances\public\index.php(37): CodeIgniter\CodeIgniter->run()
#9 C:\wamp\www\macassurances\system\Commands\Server\rewrite.php(43): require_once('C:\\wamp\\www\\mac...')
#10 {main}
CRITICAL - 2022-01-27 02:32:35 --> foreach() argument must be of type array|object, string given
#0 C:\wamp\www\macassurances\app\Views\slider\home-slider.php(9): CodeIgniter\Debug\Exceptions->errorHandler(2, 'foreach() argum...', 'C:\\wamp\\www\\mac...', 9)
#1 C:\wamp\www\macassurances\system\View\View.php(210): include('C:\\wamp\\www\\mac...')
#2 C:\wamp\www\macassurances\system\View\View.php(213): CodeIgniter\View\View->CodeIgniter\View\{closure}()
#3 C:\wamp\www\macassurances\system\Common.php(1089): CodeIgniter\View\View->render('slider/home-sli...', Array, true)
#4 C:\wamp\www\macassurances\app\Controllers\Home.php(29): view('slider/home-sli...', Array)
#5 C:\wamp\www\macassurances\system\CodeIgniter.php(825): App\Controllers\Home->index()
#6 C:\wamp\www\macassurances\system\CodeIgniter.php(412): CodeIgniter\CodeIgniter->runController(Object(App\Controllers\Home))
#7 C:\wamp\www\macassurances\system\CodeIgniter.php(320): CodeIgniter\CodeIgniter->handleRequest(NULL, Object(Config\Cache), false)
#8 C:\wamp\www\macassurances\public\index.php(37): CodeIgniter\CodeIgniter->run()
#9 C:\wamp\www\macassurances\system\Commands\Server\rewrite.php(43): require_once('C:\\wamp\\www\\mac...')
#10 {main}
CRITICAL - 2022-01-27 02:37:48 --> syntax error, unexpected token "foreach"
#0 C:\wamp\www\macassurances\system\View\View.php(213): CodeIgniter\View\View->CodeIgniter\View\{closure}()
#1 C:\wamp\www\macassurances\system\Common.php(1089): CodeIgniter\View\View->render('slider/home-sli...', Array, true)
#2 C:\wamp\www\macassurances\app\Controllers\Home.php(29): view('slider/home-sli...', Array)
#3 C:\wamp\www\macassurances\system\CodeIgniter.php(825): App\Controllers\Home->index()
#4 C:\wamp\www\macassurances\system\CodeIgniter.php(412): CodeIgniter\CodeIgniter->runController(Object(App\Controllers\Home))
#5 C:\wamp\www\macassurances\system\CodeIgniter.php(320): CodeIgniter\CodeIgniter->handleRequest(NULL, Object(Config\Cache), false)
#6 C:\wamp\www\macassurances\public\index.php(37): CodeIgniter\CodeIgniter->run()
#7 C:\wamp\www\macassurances\system\Commands\Server\rewrite.php(43): require_once('C:\\wamp\\www\\mac...')
#8 {main}
CRITICAL - 2022-01-27 03:29:21 --> Undefined variable $APISlider
#0 C:\wamp\www\macassurances\app\Views\home\accueil.php(8): CodeIgniter\Debug\Exceptions->errorHandler(2, 'Undefined varia...', 'C:\\wamp\\www\\mac...', 8)
#1 C:\wamp\www\macassurances\system\View\View.php(210): include('C:\\wamp\\www\\mac...')
#2 C:\wamp\www\macassurances\system\View\View.php(213): CodeIgniter\View\View->CodeIgniter\View\{closure}()
#3 C:\wamp\www\macassurances\system\Common.php(1089): CodeIgniter\View\View->render('home/accueil', Array, true)
#4 C:\wamp\www\macassurances\app\Controllers\Home.php(29): view('home/accueil', Array)
#5 C:\wamp\www\macassurances\system\CodeIgniter.php(825): App\Controllers\Home->index()
#6 C:\wamp\www\macassurances\system\CodeIgniter.php(412): CodeIgniter\CodeIgniter->runController(Object(App\Controllers\Home))
#7 C:\wamp\www\macassurances\system\CodeIgniter.php(320): CodeIgniter\CodeIgniter->handleRequest(NULL, Object(Config\Cache), false)
#8 C:\wamp\www\macassurances\public\index.php(37): CodeIgniter\CodeIgniter->run()
#9 C:\wamp\www\macassurances\system\Commands\Server\rewrite.php(43): require_once('C:\\wamp\\www\\mac...')
#10 {main}
CRITICAL - 2022-01-27 05:57:35 --> Cannot redeclare App\Controllers\BaseController::$siteKey
#0 [internal function]: CodeIgniter\Debug\Exceptions->shutdownHandler()
#1 {main}
CRITICAL - 2022-01-27 06:02:27 --> Undefined variable $v
#0 C:\wamp\www\macassurances\app\Views\home\accueil.php(213): CodeIgniter\Debug\Exceptions->errorHandler(2, 'Undefined varia...', 'C:\\wamp\\www\\mac...', 213)
#1 C:\wamp\www\macassurances\system\View\View.php(210): include('C:\\wamp\\www\\mac...')
#2 C:\wamp\www\macassurances\system\View\View.php(213): CodeIgniter\View\View->CodeIgniter\View\{closure}()
#3 C:\wamp\www\macassurances\system\Common.php(1089): CodeIgniter\View\View->render('home/accueil', Array, true)
#4 C:\wamp\www\macassurances\app\Controllers\Home.php(31): view('home/accueil', Array)
#5 C:\wamp\www\macassurances\system\CodeIgniter.php(825): App\Controllers\Home->index()
#6 C:\wamp\www\macassurances\system\CodeIgniter.php(412): CodeIgniter\CodeIgniter->runController(Object(App\Controllers\Home))
#7 C:\wamp\www\macassurances\system\CodeIgniter.php(320): CodeIgniter\CodeIgniter->handleRequest(NULL, Object(Config\Cache), false)
#8 C:\wamp\www\macassurances\public\index.php(37): CodeIgniter\CodeIgniter->run()
#9 C:\wamp\www\macassurances\system\Commands\Server\rewrite.php(43): require_once('C:\\wamp\\www\\mac...')
#10 {main}
CRITICAL - 2022-01-27 06:05:20 --> syntax error, unexpected token "endforeach"
#0 C:\wamp\www\macassurances\system\View\View.php(213): CodeIgniter\View\View->CodeIgniter\View\{closure}()
#1 C:\wamp\www\macassurances\system\Common.php(1089): CodeIgniter\View\View->render('home/accueil', Array, true)
#2 C:\wamp\www\macassurances\app\Controllers\Home.php(31): view('home/accueil', Array)
#3 C:\wamp\www\macassurances\system\CodeIgniter.php(825): App\Controllers\Home->index()
#4 C:\wamp\www\macassurances\system\CodeIgniter.php(412): CodeIgniter\CodeIgniter->runController(Object(App\Controllers\Home))
#5 C:\wamp\www\macassurances\system\CodeIgniter.php(320): CodeIgniter\CodeIgniter->handleRequest(NULL, Object(Config\Cache), false)
#6 C:\wamp\www\macassurances\public\index.php(37): CodeIgniter\CodeIgniter->run()
#7 C:\wamp\www\macassurances\system\Commands\Server\rewrite.php(43): require_once('C:\\wamp\\www\\mac...')
#8 {main}
CRITICAL - 2022-01-27 06:05:30 --> Unsupported operand types: string * int
#0 C:\wamp\www\macassurances\system\View\View.php(210): include()
#1 C:\wamp\www\macassurances\system\View\View.php(213): CodeIgniter\View\View->CodeIgniter\View\{closure}()
#2 C:\wamp\www\macassurances\system\Common.php(1089): CodeIgniter\View\View->render('home/accueil', Array, true)
#3 C:\wamp\www\macassurances\app\Controllers\Home.php(31): view('home/accueil', Array)
#4 C:\wamp\www\macassurances\system\CodeIgniter.php(825): App\Controllers\Home->index()
#5 C:\wamp\www\macassurances\system\CodeIgniter.php(412): CodeIgniter\CodeIgniter->runController(Object(App\Controllers\Home))
#6 C:\wamp\www\macassurances\system\CodeIgniter.php(320): CodeIgniter\CodeIgniter->handleRequest(NULL, Object(Config\Cache), false)
#7 C:\wamp\www\macassurances\public\index.php(37): CodeIgniter\CodeIgniter->run()
#8 C:\wamp\www\macassurances\system\Commands\Server\rewrite.php(43): require_once('C:\\wamp\\www\\mac...')
#9 {main}
CRITICAL - 2022-01-27 06:05:38 --> Unsupported operand types: string * int
#0 C:\wamp\www\macassurances\system\View\View.php(210): include()
#1 C:\wamp\www\macassurances\system\View\View.php(213): CodeIgniter\View\View->CodeIgniter\View\{closure}()
#2 C:\wamp\www\macassurances\system\Common.php(1089): CodeIgniter\View\View->render('home/accueil', Array, true)
#3 C:\wamp\www\macassurances\app\Controllers\Home.php(31): view('home/accueil', Array)
#4 C:\wamp\www\macassurances\system\CodeIgniter.php(825): App\Controllers\Home->index()
#5 C:\wamp\www\macassurances\system\CodeIgniter.php(412): CodeIgniter\CodeIgniter->runController(Object(App\Controllers\Home))
#6 C:\wamp\www\macassurances\system\CodeIgniter.php(320): CodeIgniter\CodeIgniter->handleRequest(NULL, Object(Config\Cache), false)
#7 C:\wamp\www\macassurances\public\index.php(37): CodeIgniter\CodeIgniter->run()
#8 C:\wamp\www\macassurances\system\Commands\Server\rewrite.php(43): require_once('C:\\wamp\\www\\mac...')
#9 {main}
CRITICAL - 2022-01-27 06:05:47 --> Unsupported operand types: string * int
#0 C:\wamp\www\macassurances\system\View\View.php(210): include()
#1 C:\wamp\www\macassurances\system\View\View.php(213): CodeIgniter\View\View->CodeIgniter\View\{closure}()
#2 C:\wamp\www\macassurances\system\Common.php(1089): CodeIgniter\View\View->render('home/accueil', Array, true)
#3 C:\wamp\www\macassurances\app\Controllers\Home.php(31): view('home/accueil', Array)
#4 C:\wamp\www\macassurances\system\CodeIgniter.php(825): App\Controllers\Home->index()
#5 C:\wamp\www\macassurances\system\CodeIgniter.php(412): CodeIgniter\CodeIgniter->runController(Object(App\Controllers\Home))
#6 C:\wamp\www\macassurances\system\CodeIgniter.php(320): CodeIgniter\CodeIgniter->handleRequest(NULL, Object(Config\Cache), false)
#7 C:\wamp\www\macassurances\public\index.php(37): CodeIgniter\CodeIgniter->run()
#8 C:\wamp\www\macassurances\system\Commands\Server\rewrite.php(43): require_once('C:\\wamp\\www\\mac...')
#9 {main}
CRITICAL - 2022-01-27 06:05:55 --> Unsupported operand types: string * int
#0 C:\wamp\www\macassurances\system\View\View.php(210): include()
#1 C:\wamp\www\macassurances\system\View\View.php(213): CodeIgniter\View\View->CodeIgniter\View\{closure}()
#2 C:\wamp\www\macassurances\system\Common.php(1089): CodeIgniter\View\View->render('home/accueil', Array, true)
#3 C:\wamp\www\macassurances\app\Controllers\Home.php(31): view('home/accueil', Array)
#4 C:\wamp\www\macassurances\system\CodeIgniter.php(825): App\Controllers\Home->index()
#5 C:\wamp\www\macassurances\system\CodeIgniter.php(412): CodeIgniter\CodeIgniter->runController(Object(App\Controllers\Home))
#6 C:\wamp\www\macassurances\system\CodeIgniter.php(320): CodeIgniter\CodeIgniter->handleRequest(NULL, Object(Config\Cache), false)
#7 C:\wamp\www\macassurances\public\index.php(37): CodeIgniter\CodeIgniter->run()
#8 C:\wamp\www\macassurances\system\Commands\Server\rewrite.php(43): require_once('C:\\wamp\\www\\mac...')
#9 {main}
CRITICAL - 2022-01-27 06:06:04 --> Unsupported operand types: string * int
#0 C:\wamp\www\macassurances\system\View\View.php(210): include()
#1 C:\wamp\www\macassurances\system\View\View.php(213): CodeIgniter\View\View->CodeIgniter\View\{closure}()
#2 C:\wamp\www\macassurances\system\Common.php(1089): CodeIgniter\View\View->render('home/accueil', Array, true)
#3 C:\wamp\www\macassurances\app\Controllers\Home.php(31): view('home/accueil', Array)
#4 C:\wamp\www\macassurances\system\CodeIgniter.php(825): App\Controllers\Home->index()
#5 C:\wamp\www\macassurances\system\CodeIgniter.php(412): CodeIgniter\CodeIgniter->runController(Object(App\Controllers\Home))
#6 C:\wamp\www\macassurances\system\CodeIgniter.php(320): CodeIgniter\CodeIgniter->handleRequest(NULL, Object(Config\Cache), false)
#7 C:\wamp\www\macassurances\public\index.php(37): CodeIgniter\CodeIgniter->run()
#8 C:\wamp\www\macassurances\system\Commands\Server\rewrite.php(43): require_once('C:\\wamp\\www\\mac...')
#9 {main}
CRITICAL - 2022-01-27 06:06:12 --> Unsupported operand types: string * int
#0 C:\wamp\www\macassurances\system\View\View.php(210): include()
#1 C:\wamp\www\macassurances\system\View\View.php(213): CodeIgniter\View\View->CodeIgniter\View\{closure}()
#2 C:\wamp\www\macassurances\system\Common.php(1089): CodeIgniter\View\View->render('home/accueil', Array, true)
#3 C:\wamp\www\macassurances\app\Controllers\Home.php(31): view('home/accueil', Array)
#4 C:\wamp\www\macassurances\system\CodeIgniter.php(825): App\Controllers\Home->index()
#5 C:\wamp\www\macassurances\system\CodeIgniter.php(412): CodeIgniter\CodeIgniter->runController(Object(App\Controllers\Home))
#6 C:\wamp\www\macassurances\system\CodeIgniter.php(320): CodeIgniter\CodeIgniter->handleRequest(NULL, Object(Config\Cache), false)
#7 C:\wamp\www\macassurances\public\index.php(37): CodeIgniter\CodeIgniter->run()
#8 C:\wamp\www\macassurances\system\Commands\Server\rewrite.php(43): require_once('C:\\wamp\\www\\mac...')
#9 {main}
CRITICAL - 2022-01-27 06:06:35 --> Unsupported operand types: string * int
#0 C:\wamp\www\macassurances\system\View\View.php(210): include()
#1 C:\wamp\www\macassurances\system\View\View.php(213): CodeIgniter\View\View->CodeIgniter\View\{closure}()
#2 C:\wamp\www\macassurances\system\Common.php(1089): CodeIgniter\View\View->render('home/accueil', Array, true)
#3 C:\wamp\www\macassurances\app\Controllers\Home.php(31): view('home/accueil', Array)
#4 C:\wamp\www\macassurances\system\CodeIgniter.php(825): App\Controllers\Home->index()
#5 C:\wamp\www\macassurances\system\CodeIgniter.php(412): CodeIgniter\CodeIgniter->runController(Object(App\Controllers\Home))
#6 C:\wamp\www\macassurances\system\CodeIgniter.php(320): CodeIgniter\CodeIgniter->handleRequest(NULL, Object(Config\Cache), false)
#7 C:\wamp\www\macassurances\public\index.php(37): CodeIgniter\CodeIgniter->run()
#8 C:\wamp\www\macassurances\system\Commands\Server\rewrite.php(43): require_once('C:\\wamp\\www\\mac...')
#9 {main}
CRITICAL - 2022-01-27 06:06:57 --> syntax error, unexpected token "*"
#0 C:\wamp\www\macassurances\system\View\View.php(213): CodeIgniter\View\View->CodeIgniter\View\{closure}()
#1 C:\wamp\www\macassurances\system\Common.php(1089): CodeIgniter\View\View->render('home/accueil', Array, true)
#2 C:\wamp\www\macassurances\app\Controllers\Home.php(31): view('home/accueil', Array)
#3 C:\wamp\www\macassurances\system\CodeIgniter.php(825): App\Controllers\Home->index()
#4 C:\wamp\www\macassurances\system\CodeIgniter.php(412): CodeIgniter\CodeIgniter->runController(Object(App\Controllers\Home))
#5 C:\wamp\www\macassurances\system\CodeIgniter.php(320): CodeIgniter\CodeIgniter->handleRequest(NULL, Object(Config\Cache), false)
#6 C:\wamp\www\macassurances\public\index.php(37): CodeIgniter\CodeIgniter->run()
#7 C:\wamp\www\macassurances\system\Commands\Server\rewrite.php(43): require_once('C:\\wamp\\www\\mac...')
#8 {main}
CRITICAL - 2022-01-27 06:07:12 --> Unsupported operand types: string * int
#0 C:\wamp\www\macassurances\system\View\View.php(210): include()
#1 C:\wamp\www\macassurances\system\View\View.php(213): CodeIgniter\View\View->CodeIgniter\View\{closure}()
#2 C:\wamp\www\macassurances\system\Common.php(1089): CodeIgniter\View\View->render('home/accueil', Array, true)
#3 C:\wamp\www\macassurances\app\Controllers\Home.php(31): view('home/accueil', Array)
#4 C:\wamp\www\macassurances\system\CodeIgniter.php(825): App\Controllers\Home->index()
#5 C:\wamp\www\macassurances\system\CodeIgniter.php(412): CodeIgniter\CodeIgniter->runController(Object(App\Controllers\Home))
#6 C:\wamp\www\macassurances\system\CodeIgniter.php(320): CodeIgniter\CodeIgniter->handleRequest(NULL, Object(Config\Cache), false)
#7 C:\wamp\www\macassurances\public\index.php(37): CodeIgniter\CodeIgniter->run()
#8 C:\wamp\www\macassurances\system\Commands\Server\rewrite.php(43): require_once('C:\\wamp\\www\\mac...')
#9 {main}
CRITICAL - 2022-01-27 06:10:05 --> Unsupported operand types: string * int
#0 C:\wamp\www\macassurances\system\View\View.php(210): include()
#1 C:\wamp\www\macassurances\system\View\View.php(213): CodeIgniter\View\View->CodeIgniter\View\{closure}()
#2 C:\wamp\www\macassurances\system\Common.php(1089): CodeIgniter\View\View->render('home/accueil', Array, true)
#3 C:\wamp\www\macassurances\app\Controllers\Home.php(31): view('home/accueil', Array)
#4 C:\wamp\www\macassurances\system\CodeIgniter.php(825): App\Controllers\Home->index()
#5 C:\wamp\www\macassurances\system\CodeIgniter.php(412): CodeIgniter\CodeIgniter->runController(Object(App\Controllers\Home))
#6 C:\wamp\www\macassurances\system\CodeIgniter.php(320): CodeIgniter\CodeIgniter->handleRequest(NULL, Object(Config\Cache), false)
#7 C:\wamp\www\macassurances\public\index.php(37): CodeIgniter\CodeIgniter->run()
#8 C:\wamp\www\macassurances\system\Commands\Server\rewrite.php(43): require_once('C:\\wamp\\www\\mac...')
#9 {main}
CRITICAL - 2022-01-27 06:10:13 --> Unsupported operand types: string * int
#0 C:\wamp\www\macassurances\system\View\View.php(210): include()
#1 C:\wamp\www\macassurances\system\View\View.php(213): CodeIgniter\View\View->CodeIgniter\View\{closure}()
#2 C:\wamp\www\macassurances\system\Common.php(1089): CodeIgniter\View\View->render('home/accueil', Array, true)
#3 C:\wamp\www\macassurances\app\Controllers\Home.php(31): view('home/accueil', Array)
#4 C:\wamp\www\macassurances\system\CodeIgniter.php(825): App\Controllers\Home->index()
#5 C:\wamp\www\macassurances\system\CodeIgniter.php(412): CodeIgniter\CodeIgniter->runController(Object(App\Controllers\Home))
#6 C:\wamp\www\macassurances\system\CodeIgniter.php(320): CodeIgniter\CodeIgniter->handleRequest(NULL, Object(Config\Cache), false)
#7 C:\wamp\www\macassurances\public\index.php(37): CodeIgniter\CodeIgniter->run()
#8 C:\wamp\www\macassurances\system\Commands\Server\rewrite.php(43): require_once('C:\\wamp\\www\\mac...')
#9 {main}
CRITICAL - 2022-01-27 06:10:21 --> Unsupported operand types: string * int
#0 C:\wamp\www\macassurances\system\View\View.php(210): include()
#1 C:\wamp\www\macassurances\system\View\View.php(213): CodeIgniter\View\View->CodeIgniter\View\{closure}()
#2 C:\wamp\www\macassurances\system\Common.php(1089): CodeIgniter\View\View->render('home/accueil', Array, true)
#3 C:\wamp\www\macassurances\app\Controllers\Home.php(31): view('home/accueil', Array)
#4 C:\wamp\www\macassurances\system\CodeIgniter.php(825): App\Controllers\Home->index()
#5 C:\wamp\www\macassurances\system\CodeIgniter.php(412): CodeIgniter\CodeIgniter->runController(Object(App\Controllers\Home))
#6 C:\wamp\www\macassurances\system\CodeIgniter.php(320): CodeIgniter\CodeIgniter->handleRequest(NULL, Object(Config\Cache), false)
#7 C:\wamp\www\macassurances\public\index.php(37): CodeIgniter\CodeIgniter->run()
#8 C:\wamp\www\macassurances\system\Commands\Server\rewrite.php(43): require_once('C:\\wamp\\www\\mac...')
#9 {main}
CRITICAL - 2022-01-27 06:10:28 --> Unsupported operand types: string * int
#0 C:\wamp\www\macassurances\system\View\View.php(210): include()
#1 C:\wamp\www\macassurances\system\View\View.php(213): CodeIgniter\View\View->CodeIgniter\View\{closure}()
#2 C:\wamp\www\macassurances\system\Common.php(1089): CodeIgniter\View\View->render('home/accueil', Array, true)
#3 C:\wamp\www\macassurances\app\Controllers\Home.php(31): view('home/accueil', Array)
#4 C:\wamp\www\macassurances\system\CodeIgniter.php(825): App\Controllers\Home->index()
#5 C:\wamp\www\macassurances\system\CodeIgniter.php(412): CodeIgniter\CodeIgniter->runController(Object(App\Controllers\Home))
#6 C:\wamp\www\macassurances\system\CodeIgniter.php(320): CodeIgniter\CodeIgniter->handleRequest(NULL, Object(Config\Cache), false)
#7 C:\wamp\www\macassurances\public\index.php(37): CodeIgniter\CodeIgniter->run()
#8 C:\wamp\www\macassurances\system\Commands\Server\rewrite.php(43): require_once('C:\\wamp\\www\\mac...')
#9 {main}
CRITICAL - 2022-01-27 06:11:05 --> Unsupported operand types: string * int
#0 C:\wamp\www\macassurances\system\View\View.php(210): include()
#1 C:\wamp\www\macassurances\system\View\View.php(213): CodeIgniter\View\View->CodeIgniter\View\{closure}()
#2 C:\wamp\www\macassurances\system\Common.php(1089): CodeIgniter\View\View->render('home/accueil', Array, true)
#3 C:\wamp\www\macassurances\app\Controllers\Home.php(31): view('home/accueil', Array)
#4 C:\wamp\www\macassurances\system\CodeIgniter.php(825): App\Controllers\Home->index()
#5 C:\wamp\www\macassurances\system\CodeIgniter.php(412): CodeIgniter\CodeIgniter->runController(Object(App\Controllers\Home))
#6 C:\wamp\www\macassurances\system\CodeIgniter.php(320): CodeIgniter\CodeIgniter->handleRequest(NULL, Object(Config\Cache), false)
#7 C:\wamp\www\macassurances\public\index.php(37): CodeIgniter\CodeIgniter->run()
#8 C:\wamp\www\macassurances\system\Commands\Server\rewrite.php(43): require_once('C:\\wamp\\www\\mac...')
#9 {main}
CRITICAL - 2022-01-27 06:11:41 --> Unsupported operand types: string * int
#0 C:\wamp\www\macassurances\system\View\View.php(210): include()
#1 C:\wamp\www\macassurances\system\View\View.php(213): CodeIgniter\View\View->CodeIgniter\View\{closure}()
#2 C:\wamp\www\macassurances\system\Common.php(1089): CodeIgniter\View\View->render('home/accueil', Array, true)
#3 C:\wamp\www\macassurances\app\Controllers\Home.php(31): view('home/accueil', Array)
#4 C:\wamp\www\macassurances\system\CodeIgniter.php(825): App\Controllers\Home->index()
#5 C:\wamp\www\macassurances\system\CodeIgniter.php(412): CodeIgniter\CodeIgniter->runController(Object(App\Controllers\Home))
#6 C:\wamp\www\macassurances\system\CodeIgniter.php(320): CodeIgniter\CodeIgniter->handleRequest(NULL, Object(Config\Cache), false)
#7 C:\wamp\www\macassurances\public\index.php(37): CodeIgniter\CodeIgniter->run()
#8 C:\wamp\www\macassurances\system\Commands\Server\rewrite.php(43): require_once('C:\\wamp\\www\\mac...')
#9 {main}
CRITICAL - 2022-01-27 06:12:18 --> Unsupported operand types: string * int
#0 C:\wamp\www\macassurances\system\View\View.php(210): include()
#1 C:\wamp\www\macassurances\system\View\View.php(213): CodeIgniter\View\View->CodeIgniter\View\{closure}()
#2 C:\wamp\www\macassurances\system\Common.php(1089): CodeIgniter\View\View->render('home/accueil', Array, true)
#3 C:\wamp\www\macassurances\app\Controllers\Home.php(31): view('home/accueil', Array)
#4 C:\wamp\www\macassurances\system\CodeIgniter.php(825): App\Controllers\Home->index()
#5 C:\wamp\www\macassurances\system\CodeIgniter.php(412): CodeIgniter\CodeIgniter->runController(Object(App\Controllers\Home))
#6 C:\wamp\www\macassurances\system\CodeIgniter.php(320): CodeIgniter\CodeIgniter->handleRequest(NULL, Object(Config\Cache), false)
#7 C:\wamp\www\macassurances\public\index.php(37): CodeIgniter\CodeIgniter->run()
#8 C:\wamp\www\macassurances\system\Commands\Server\rewrite.php(43): require_once('C:\\wamp\\www\\mac...')
#9 {main}
CRITICAL - 2022-01-27 06:12:53 --> Unsupported operand types: string * int
#0 C:\wamp\www\macassurances\system\View\View.php(210): include()
#1 C:\wamp\www\macassurances\system\View\View.php(213): CodeIgniter\View\View->CodeIgniter\View\{closure}()
#2 C:\wamp\www\macassurances\system\Common.php(1089): CodeIgniter\View\View->render('home/accueil', Array, true)
#3 C:\wamp\www\macassurances\app\Controllers\Home.php(31): view('home/accueil', Array)
#4 C:\wamp\www\macassurances\system\CodeIgniter.php(825): App\Controllers\Home->index()
#5 C:\wamp\www\macassurances\system\CodeIgniter.php(412): CodeIgniter\CodeIgniter->runController(Object(App\Controllers\Home))
#6 C:\wamp\www\macassurances\system\CodeIgniter.php(320): CodeIgniter\CodeIgniter->handleRequest(NULL, Object(Config\Cache), false)
#7 C:\wamp\www\macassurances\public\index.php(37): CodeIgniter\CodeIgniter->run()
#8 C:\wamp\www\macassurances\system\Commands\Server\rewrite.php(43): require_once('C:\\wamp\\www\\mac...')
#9 {main}
CRITICAL - 2022-01-27 06:14:14 --> Unsupported operand types: int * string
#0 C:\wamp\www\macassurances\system\View\View.php(210): include()
#1 C:\wamp\www\macassurances\system\View\View.php(213): CodeIgniter\View\View->CodeIgniter\View\{closure}()
#2 C:\wamp\www\macassurances\system\Common.php(1089): CodeIgniter\View\View->render('home/accueil', Array, true)
#3 C:\wamp\www\macassurances\app\Controllers\Home.php(31): view('home/accueil', Array)
#4 C:\wamp\www\macassurances\system\CodeIgniter.php(825): App\Controllers\Home->index()
#5 C:\wamp\www\macassurances\system\CodeIgniter.php(412): CodeIgniter\CodeIgniter->runController(Object(App\Controllers\Home))
#6 C:\wamp\www\macassurances\system\CodeIgniter.php(320): CodeIgniter\CodeIgniter->handleRequest(NULL, Object(Config\Cache), false)
#7 C:\wamp\www\macassurances\public\index.php(37): CodeIgniter\CodeIgniter->run()
#8 C:\wamp\www\macassurances\system\Commands\Server\rewrite.php(43): require_once('C:\\wamp\\www\\mac...')
#9 {main}
CRITICAL - 2022-01-27 06:15:00 --> Unsupported operand types: string * int
#0 C:\wamp\www\macassurances\system\View\View.php(210): include()
#1 C:\wamp\www\macassurances\system\View\View.php(213): CodeIgniter\View\View->CodeIgniter\View\{closure}()
#2 C:\wamp\www\macassurances\system\Common.php(1089): CodeIgniter\View\View->render('home/accueil', Array, true)
#3 C:\wamp\www\macassurances\app\Controllers\Home.php(31): view('home/accueil', Array)
#4 C:\wamp\www\macassurances\system\CodeIgniter.php(825): App\Controllers\Home->index()
#5 C:\wamp\www\macassurances\system\CodeIgniter.php(412): CodeIgniter\CodeIgniter->runController(Object(App\Controllers\Home))
#6 C:\wamp\www\macassurances\system\CodeIgniter.php(320): CodeIgniter\CodeIgniter->handleRequest(NULL, Object(Config\Cache), false)
#7 C:\wamp\www\macassurances\public\index.php(37): CodeIgniter\CodeIgniter->run()
#8 C:\wamp\www\macassurances\system\Commands\Server\rewrite.php(43): require_once('C:\\wamp\\www\\mac...')
#9 {main}
CRITICAL - 2022-01-27 06:18:09 --> Unsupported operand types: string * int
#0 C:\wamp\www\macassurances\system\View\View.php(210): include()
#1 C:\wamp\www\macassurances\system\View\View.php(213): CodeIgniter\View\View->CodeIgniter\View\{closure}()
#2 C:\wamp\www\macassurances\system\Common.php(1089): CodeIgniter\View\View->render('home/accueil', Array, true)
#3 C:\wamp\www\macassurances\app\Controllers\Home.php(31): view('home/accueil', Array)
#4 C:\wamp\www\macassurances\system\CodeIgniter.php(825): App\Controllers\Home->index()
#5 C:\wamp\www\macassurances\system\CodeIgniter.php(412): CodeIgniter\CodeIgniter->runController(Object(App\Controllers\Home))
#6 C:\wamp\www\macassurances\system\CodeIgniter.php(320): CodeIgniter\CodeIgniter->handleRequest(NULL, Object(Config\Cache), false)
#7 C:\wamp\www\macassurances\public\index.php(37): CodeIgniter\CodeIgniter->run()
#8 C:\wamp\www\macassurances\system\Commands\Server\rewrite.php(43): require_once('C:\\wamp\\www\\mac...')
#9 {main}
CRITICAL - 2022-01-27 06:18:16 --> Unsupported operand types: string * int
#0 C:\wamp\www\macassurances\system\View\View.php(210): include()
#1 C:\wamp\www\macassurances\system\View\View.php(213): CodeIgniter\View\View->CodeIgniter\View\{closure}()
#2 C:\wamp\www\macassurances\system\Common.php(1089): CodeIgniter\View\View->render('home/accueil', Array, true)
#3 C:\wamp\www\macassurances\app\Controllers\Home.php(31): view('home/accueil', Array)
#4 C:\wamp\www\macassurances\system\CodeIgniter.php(825): App\Controllers\Home->index()
#5 C:\wamp\www\macassurances\system\CodeIgniter.php(412): CodeIgniter\CodeIgniter->runController(Object(App\Controllers\Home))
#6 C:\wamp\www\macassurances\system\CodeIgniter.php(320): CodeIgniter\CodeIgniter->handleRequest(NULL, Object(Config\Cache), false)
#7 C:\wamp\www\macassurances\public\index.php(37): CodeIgniter\CodeIgniter->run()
#8 C:\wamp\www\macassurances\system\Commands\Server\rewrite.php(43): require_once('C:\\wamp\\www\\mac...')
#9 {main}
CRITICAL - 2022-01-27 06:18:24 --> Unsupported operand types: string * int
#0 C:\wamp\www\macassurances\system\View\View.php(210): include()
#1 C:\wamp\www\macassurances\system\View\View.php(213): CodeIgniter\View\View->CodeIgniter\View\{closure}()
#2 C:\wamp\www\macassurances\system\Common.php(1089): CodeIgniter\View\View->render('home/accueil', Array, true)
#3 C:\wamp\www\macassurances\app\Controllers\Home.php(31): view('home/accueil', Array)
#4 C:\wamp\www\macassurances\system\CodeIgniter.php(825): App\Controllers\Home->index()
#5 C:\wamp\www\macassurances\system\CodeIgniter.php(412): CodeIgniter\CodeIgniter->runController(Object(App\Controllers\Home))
#6 C:\wamp\www\macassurances\system\CodeIgniter.php(320): CodeIgniter\CodeIgniter->handleRequest(NULL, Object(Config\Cache), false)
#7 C:\wamp\www\macassurances\public\index.php(37): CodeIgniter\CodeIgniter->run()
#8 C:\wamp\www\macassurances\system\Commands\Server\rewrite.php(43): require_once('C:\\wamp\\www\\mac...')
#9 {main}
CRITICAL - 2022-01-27 07:17:59 --> syntax error, unexpected token ";"
#0 C:\wamp\www\macassurances\system\View\View.php(213): CodeIgniter\View\View->CodeIgniter\View\{closure}()
#1 C:\wamp\www\macassurances\system\Common.php(1089): CodeIgniter\View\View->render('home/accueil', Array, true)
#2 C:\wamp\www\macassurances\app\Controllers\Home.php(37): view('home/accueil', Array)
#3 C:\wamp\www\macassurances\system\CodeIgniter.php(825): App\Controllers\Home->index()
#4 C:\wamp\www\macassurances\system\CodeIgniter.php(412): CodeIgniter\CodeIgniter->runController(Object(App\Controllers\Home))
#5 C:\wamp\www\macassurances\system\CodeIgniter.php(320): CodeIgniter\CodeIgniter->handleRequest(NULL, Object(Config\Cache), false)
#6 C:\wamp\www\macassurances\public\index.php(37): CodeIgniter\CodeIgniter->run()
#7 C:\wamp\www\macassurances\system\Commands\Server\rewrite.php(43): require_once('C:\\wamp\\www\\mac...')
#8 {main}
CRITICAL - 2022-01-27 07:18:34 --> Invalid file: home/actulites.php
#0 C:\wamp\www\macassurances\system\View\View.php(198): CodeIgniter\Exceptions\FrameworkException::forInvalidFile('home/actulites....')
#1 C:\wamp\www\macassurances\system\Common.php(1089): CodeIgniter\View\View->render('home/actulites', Array, true)
#2 C:\wamp\www\macassurances\app\Controllers\Home.php(50): view('home/actulites', Array)
#3 C:\wamp\www\macassurances\system\CodeIgniter.php(825): App\Controllers\Home->actualites()
#4 C:\wamp\www\macassurances\system\CodeIgniter.php(412): CodeIgniter\CodeIgniter->runController(Object(App\Controllers\Home))
#5 C:\wamp\www\macassurances\system\CodeIgniter.php(320): CodeIgniter\CodeIgniter->handleRequest(NULL, Object(Config\Cache), false)
#6 C:\wamp\www\macassurances\public\index.php(37): CodeIgniter\CodeIgniter->run()
#7 C:\wamp\www\macassurances\system\Commands\Server\rewrite.php(43): require_once('C:\\wamp\\www\\mac...')
#8 {main}
CRITICAL - 2022-01-27 07:20:31 --> foreach() argument must be of type array|object, string given
#0 C:\wamp\www\macassurances\app\Views\home\actualites.php(10): CodeIgniter\Debug\Exceptions->errorHandler(2, 'foreach() argum...', 'C:\\wamp\\www\\mac...', 10)
#1 C:\wamp\www\macassurances\system\View\View.php(210): include('C:\\wamp\\www\\mac...')
#2 C:\wamp\www\macassurances\system\View\View.php(213): CodeIgniter\View\View->CodeIgniter\View\{closure}()
#3 C:\wamp\www\macassurances\system\Common.php(1089): CodeIgniter\View\View->render('home/actualites', Array, true)
#4 C:\wamp\www\macassurances\app\Controllers\Home.php(50): view('home/actualites', Array)
#5 C:\wamp\www\macassurances\system\CodeIgniter.php(825): App\Controllers\Home->actualites()
#6 C:\wamp\www\macassurances\system\CodeIgniter.php(412): CodeIgniter\CodeIgniter->runController(Object(App\Controllers\Home))
#7 C:\wamp\www\macassurances\system\CodeIgniter.php(320): CodeIgniter\CodeIgniter->handleRequest(NULL, Object(Config\Cache), false)
#8 C:\wamp\www\macassurances\public\index.php(37): CodeIgniter\CodeIgniter->run()
#9 C:\wamp\www\macassurances\system\Commands\Server\rewrite.php(43): require_once('C:\\wamp\\www\\mac...')
#10 {main}
CRITICAL - 2022-01-27 07:21:01 --> foreach() argument must be of type array|object, string given
#0 C:\wamp\www\macassurances\app\Views\home\actualites.php(10): CodeIgniter\Debug\Exceptions->errorHandler(2, 'foreach() argum...', 'C:\\wamp\\www\\mac...', 10)
#1 C:\wamp\www\macassurances\system\View\View.php(210): include('C:\\wamp\\www\\mac...')
#2 C:\wamp\www\macassurances\system\View\View.php(213): CodeIgniter\View\View->CodeIgniter\View\{closure}()
#3 C:\wamp\www\macassurances\system\Common.php(1089): CodeIgniter\View\View->render('home/actualites', Array, true)
#4 C:\wamp\www\macassurances\app\Controllers\Home.php(50): view('home/actualites', Array)
#5 C:\wamp\www\macassurances\system\CodeIgniter.php(825): App\Controllers\Home->actualites()
#6 C:\wamp\www\macassurances\system\CodeIgniter.php(412): CodeIgniter\CodeIgniter->runController(Object(App\Controllers\Home))
#7 C:\wamp\www\macassurances\system\CodeIgniter.php(320): CodeIgniter\CodeIgniter->handleRequest(NULL, Object(Config\Cache), false)
#8 C:\wamp\www\macassurances\public\index.php(37): CodeIgniter\CodeIgniter->run()
#9 C:\wamp\www\macassurances\system\Commands\Server\rewrite.php(43): require_once('C:\\wamp\\www\\mac...')
#10 {main}
CRITICAL - 2022-01-27 07:21:01 --> foreach() argument must be of type array|object, string given
#0 C:\wamp\www\macassurances\app\Views\home\actualites.php(10): CodeIgniter\Debug\Exceptions->errorHandler(2, 'foreach() argum...', 'C:\\wamp\\www\\mac...', 10)
#1 C:\wamp\www\macassurances\system\View\View.php(210): include('C:\\wamp\\www\\mac...')
#2 C:\wamp\www\macassurances\system\View\View.php(213): CodeIgniter\View\View->CodeIgniter\View\{closure}()
#3 C:\wamp\www\macassurances\system\Common.php(1089): CodeIgniter\View\View->render('home/actualites', Array, true)
#4 C:\wamp\www\macassurances\app\Controllers\Home.php(50): view('home/actualites', Array)
#5 C:\wamp\www\macassurances\system\CodeIgniter.php(825): App\Controllers\Home->actualites()
#6 C:\wamp\www\macassurances\system\CodeIgniter.php(412): CodeIgniter\CodeIgniter->runController(Object(App\Controllers\Home))
#7 C:\wamp\www\macassurances\system\CodeIgniter.php(320): CodeIgniter\CodeIgniter->handleRequest(NULL, Object(Config\Cache), false)
#8 C:\wamp\www\macassurances\public\index.php(37): CodeIgniter\CodeIgniter->run()
#9 C:\wamp\www\macassurances\system\Commands\Server\rewrite.php(43): require_once('C:\\wamp\\www\\mac...')
#10 {main}
CRITICAL - 2022-01-27 07:21:01 --> foreach() argument must be of type array|object, string given
#0 C:\wamp\www\macassurances\app\Views\home\actualites.php(10): CodeIgniter\Debug\Exceptions->errorHandler(2, 'foreach() argum...', 'C:\\wamp\\www\\mac...', 10)
#1 C:\wamp\www\macassurances\system\View\View.php(210): include('C:\\wamp\\www\\mac...')
#2 C:\wamp\www\macassurances\system\View\View.php(213): CodeIgniter\View\View->CodeIgniter\View\{closure}()
#3 C:\wamp\www\macassurances\system\Common.php(1089): CodeIgniter\View\View->render('home/actualites', Array, true)
#4 C:\wamp\www\macassurances\app\Controllers\Home.php(50): view('home/actualites', Array)
#5 C:\wamp\www\macassurances\system\CodeIgniter.php(825): App\Controllers\Home->actualites()
#6 C:\wamp\www\macassurances\system\CodeIgniter.php(412): CodeIgniter\CodeIgniter->runController(Object(App\Controllers\Home))
#7 C:\wamp\www\macassurances\system\CodeIgniter.php(320): CodeIgniter\CodeIgniter->handleRequest(NULL, Object(Config\Cache), false)
#8 C:\wamp\www\macassurances\public\index.php(37): CodeIgniter\CodeIgniter->run()
#9 C:\wamp\www\macassurances\system\Commands\Server\rewrite.php(43): require_once('C:\\wamp\\www\\mac...')
#10 {main}
CRITICAL - 2022-01-27 07:21:01 --> foreach() argument must be of type array|object, string given
#0 C:\wamp\www\macassurances\app\Views\home\actualites.php(10): CodeIgniter\Debug\Exceptions->errorHandler(2, 'foreach() argum...', 'C:\\wamp\\www\\mac...', 10)
#1 C:\wamp\www\macassurances\system\View\View.php(210): include('C:\\wamp\\www\\mac...')
#2 C:\wamp\www\macassurances\system\View\View.php(213): CodeIgniter\View\View->CodeIgniter\View\{closure}()
#3 C:\wamp\www\macassurances\system\Common.php(1089): CodeIgniter\View\View->render('home/actualites', Array, true)
#4 C:\wamp\www\macassurances\app\Controllers\Home.php(50): view('home/actualites', Array)
#5 C:\wamp\www\macassurances\system\CodeIgniter.php(825): App\Controllers\Home->actualites()
#6 C:\wamp\www\macassurances\system\CodeIgniter.php(412): CodeIgniter\CodeIgniter->runController(Object(App\Controllers\Home))
#7 C:\wamp\www\macassurances\system\CodeIgniter.php(320): CodeIgniter\CodeIgniter->handleRequest(NULL, Object(Config\Cache), false)
#8 C:\wamp\www\macassurances\public\index.php(37): CodeIgniter\CodeIgniter->run()
#9 C:\wamp\www\macassurances\system\Commands\Server\rewrite.php(43): require_once('C:\\wamp\\www\\mac...')
#10 {main}
CRITICAL - 2022-01-27 07:21:01 --> foreach() argument must be of type array|object, string given
#0 C:\wamp\www\macassurances\app\Views\home\actualites.php(10): CodeIgniter\Debug\Exceptions->errorHandler(2, 'foreach() argum...', 'C:\\wamp\\www\\mac...', 10)
#1 C:\wamp\www\macassurances\system\View\View.php(210): include('C:\\wamp\\www\\mac...')
#2 C:\wamp\www\macassurances\system\View\View.php(213): CodeIgniter\View\View->CodeIgniter\View\{closure}()
#3 C:\wamp\www\macassurances\system\Common.php(1089): CodeIgniter\View\View->render('home/actualites', Array, true)
#4 C:\wamp\www\macassurances\app\Controllers\Home.php(50): view('home/actualites', Array)
#5 C:\wamp\www\macassurances\system\CodeIgniter.php(825): App\Controllers\Home->actualites()
#6 C:\wamp\www\macassurances\system\CodeIgniter.php(412): CodeIgniter\CodeIgniter->runController(Object(App\Controllers\Home))
#7 C:\wamp\www\macassurances\system\CodeIgniter.php(320): CodeIgniter\CodeIgniter->handleRequest(NULL, Object(Config\Cache), false)
#8 C:\wamp\www\macassurances\public\index.php(37): CodeIgniter\CodeIgniter->run()
#9 C:\wamp\www\macassurances\system\Commands\Server\rewrite.php(43): require_once('C:\\wamp\\www\\mac...')
#10 {main}
CRITICAL - 2022-01-27 07:21:01 --> foreach() argument must be of type array|object, string given
#0 C:\wamp\www\macassurances\app\Views\home\actualites.php(10): CodeIgniter\Debug\Exceptions->errorHandler(2, 'foreach() argum...', 'C:\\wamp\\www\\mac...', 10)
#1 C:\wamp\www\macassurances\system\View\View.php(210): include('C:\\wamp\\www\\mac...')
#2 C:\wamp\www\macassurances\system\View\View.php(213): CodeIgniter\View\View->CodeIgniter\View\{closure}()
#3 C:\wamp\www\macassurances\system\Common.php(1089): CodeIgniter\View\View->render('home/actualites', Array, true)
#4 C:\wamp\www\macassurances\app\Controllers\Home.php(50): view('home/actualites', Array)
#5 C:\wamp\www\macassurances\system\CodeIgniter.php(825): App\Controllers\Home->actualites()
#6 C:\wamp\www\macassurances\system\CodeIgniter.php(412): CodeIgniter\CodeIgniter->runController(Object(App\Controllers\Home))
#7 C:\wamp\www\macassurances\system\CodeIgniter.php(320): CodeIgniter\CodeIgniter->handleRequest(NULL, Object(Config\Cache), false)
#8 C:\wamp\www\macassurances\public\index.php(37): CodeIgniter\CodeIgniter->run()
#9 C:\wamp\www\macassurances\system\Commands\Server\rewrite.php(43): require_once('C:\\wamp\\www\\mac...')
#10 {main}
CRITICAL - 2022-01-27 07:21:01 --> foreach() argument must be of type array|object, string given
#0 C:\wamp\www\macassurances\app\Views\home\actualites.php(10): CodeIgniter\Debug\Exceptions->errorHandler(2, 'foreach() argum...', 'C:\\wamp\\www\\mac...', 10)
#1 C:\wamp\www\macassurances\system\View\View.php(210): include('C:\\wamp\\www\\mac...')
#2 C:\wamp\www\macassurances\system\View\View.php(213): CodeIgniter\View\View->CodeIgniter\View\{closure}()
#3 C:\wamp\www\macassurances\system\Common.php(1089): CodeIgniter\View\View->render('home/actualites', Array, true)
#4 C:\wamp\www\macassurances\app\Controllers\Home.php(50): view('home/actualites', Array)
#5 C:\wamp\www\macassurances\system\CodeIgniter.php(825): App\Controllers\Home->actualites()
#6 C:\wamp\www\macassurances\system\CodeIgniter.php(412): CodeIgniter\CodeIgniter->runController(Object(App\Controllers\Home))
#7 C:\wamp\www\macassurances\system\CodeIgniter.php(320): CodeIgniter\CodeIgniter->handleRequest(NULL, Object(Config\Cache), false)
#8 C:\wamp\www\macassurances\public\index.php(37): CodeIgniter\CodeIgniter->run()
#9 C:\wamp\www\macassurances\system\Commands\Server\rewrite.php(43): require_once('C:\\wamp\\www\\mac...')
#10 {main}
CRITICAL - 2022-01-27 07:23:46 --> foreach() argument must be of type array|object, string given
#0 C:\wamp\www\macassurances\app\Views\home\actualites.php(10): CodeIgniter\Debug\Exceptions->errorHandler(2, 'foreach() argum...', 'C:\\wamp\\www\\mac...', 10)
#1 C:\wamp\www\macassurances\system\View\View.php(210): include('C:\\wamp\\www\\mac...')
#2 C:\wamp\www\macassurances\system\View\View.php(213): CodeIgniter\View\View->CodeIgniter\View\{closure}()
#3 C:\wamp\www\macassurances\system\Common.php(1089): CodeIgniter\View\View->render('home/actualites', Array, true)
#4 C:\wamp\www\macassurances\app\Controllers\Home.php(50): view('home/actualites', Array)
#5 C:\wamp\www\macassurances\system\CodeIgniter.php(825): App\Controllers\Home->actualites()
#6 C:\wamp\www\macassurances\system\CodeIgniter.php(412): CodeIgniter\CodeIgniter->runController(Object(App\Controllers\Home))
#7 C:\wamp\www\macassurances\system\CodeIgniter.php(320): CodeIgniter\CodeIgniter->handleRequest(NULL, Object(Config\Cache), false)
#8 C:\wamp\www\macassurances\public\index.php(37): CodeIgniter\CodeIgniter->run()
#9 C:\wamp\www\macassurances\system\Commands\Server\rewrite.php(43): require_once('C:\\wamp\\www\\mac...')
#10 {main}
CRITICAL - 2022-01-27 07:24:16 --> foreach() argument must be of type array|object, string given
#0 C:\wamp\www\macassurances\app\Views\home\actualites.php(10): CodeIgniter\Debug\Exceptions->errorHandler(2, 'foreach() argum...', 'C:\\wamp\\www\\mac...', 10)
#1 C:\wamp\www\macassurances\system\View\View.php(210): include('C:\\wamp\\www\\mac...')
#2 C:\wamp\www\macassurances\system\View\View.php(213): CodeIgniter\View\View->CodeIgniter\View\{closure}()
#3 C:\wamp\www\macassurances\system\Common.php(1089): CodeIgniter\View\View->render('home/actualites', Array, true)
#4 C:\wamp\www\macassurances\app\Controllers\Home.php(50): view('home/actualites', Array)
#5 C:\wamp\www\macassurances\system\CodeIgniter.php(825): App\Controllers\Home->actualites()
#6 C:\wamp\www\macassurances\system\CodeIgniter.php(412): CodeIgniter\CodeIgniter->runController(Object(App\Controllers\Home))
#7 C:\wamp\www\macassurances\system\CodeIgniter.php(320): CodeIgniter\CodeIgniter->handleRequest(NULL, Object(Config\Cache), false)
#8 C:\wamp\www\macassurances\public\index.php(37): CodeIgniter\CodeIgniter->run()
#9 C:\wamp\www\macassurances\system\Commands\Server\rewrite.php(43): require_once('C:\\wamp\\www\\mac...')
#10 {main}
CRITICAL - 2022-01-27 07:24:53 --> foreach() argument must be of type array|object, string given
#0 C:\wamp\www\macassurances\app\Views\home\actualites.php(10): CodeIgniter\Debug\Exceptions->errorHandler(2, 'foreach() argum...', 'C:\\wamp\\www\\mac...', 10)
#1 C:\wamp\www\macassurances\system\View\View.php(210): include('C:\\wamp\\www\\mac...')
#2 C:\wamp\www\macassurances\system\View\View.php(213): CodeIgniter\View\View->CodeIgniter\View\{closure}()
#3 C:\wamp\www\macassurances\system\Common.php(1089): CodeIgniter\View\View->render('home/actualites', Array, true)
#4 C:\wamp\www\macassurances\app\Controllers\Home.php(50): view('home/actualites', Array)
#5 C:\wamp\www\macassurances\system\CodeIgniter.php(825): App\Controllers\Home->actualites()
#6 C:\wamp\www\macassurances\system\CodeIgniter.php(412): CodeIgniter\CodeIgniter->runController(Object(App\Controllers\Home))
#7 C:\wamp\www\macassurances\system\CodeIgniter.php(320): CodeIgniter\CodeIgniter->handleRequest(NULL, Object(Config\Cache), false)
#8 C:\wamp\www\macassurances\public\index.php(37): CodeIgniter\CodeIgniter->run()
#9 C:\wamp\www\macassurances\system\Commands\Server\rewrite.php(43): require_once('C:\\wamp\\www\\mac...')
#10 {main}
