CRITICAL - 2022-01-25 01:02:54 --> Undefined property: App\Controllers\Home::$data
#0 C:\wamp\www\macassurances\app\Controllers\Home.php(9): CodeIgniter\Debug\Exceptions->errorHandler(2, 'Undefined prope...', 'C:\\wamp\\www\\mac...', 9)
#1 C:\wamp\www\macassurances\system\CodeIgniter.php(825): App\Controllers\Home->index()
#2 C:\wamp\www\macassurances\system\CodeIgniter.php(412): CodeIgniter\CodeIgniter->runController(Object(App\Controllers\Home))
#3 C:\wamp\www\macassurances\system\CodeIgniter.php(320): CodeIgniter\CodeIgniter->handleRequest(NULL, Object(Config\Cache), false)
#4 C:\wamp\www\macassurances\public\index.php(37): CodeIgniter\CodeIgniter->run()
#5 C:\wamp\www\macassurances\system\Commands\Server\rewrite.php(43): require_once('C:\\wamp\\www\\mac...')
#6 {main}
CRITICAL - 2022-01-25 01:43:40 --> Undefined variable $titre
#0 C:\wamp\www\macassurances\app\Views\template\index.php(6): CodeIgniter\Debug\Exceptions->errorHandler(2, 'Undefined varia...', 'C:\\wamp\\www\\mac...', 6)
#1 C:\wamp\www\macassurances\system\View\View.php(210): include('C:\\wamp\\www\\mac...')
#2 C:\wamp\www\macassurances\system\View\View.php(213): CodeIgniter\View\View->CodeIgniter\View\{closure}()
#3 C:\wamp\www\macassurances\system\View\View.php(226): CodeIgniter\View\View->render('template/index', Array, true)
#4 C:\wamp\www\macassurances\system\Common.php(1089): CodeIgniter\View\View->render('slider/home-sli...', Array, true)
#5 C:\wamp\www\macassurances\app\Controllers\Home.php(14): view('slider/home-sli...')
#6 C:\wamp\www\macassurances\system\CodeIgniter.php(825): App\Controllers\Home->index()
#7 C:\wamp\www\macassurances\system\CodeIgniter.php(412): CodeIgniter\CodeIgniter->runController(Object(App\Controllers\Home))
#8 C:\wamp\www\macassurances\system\CodeIgniter.php(320): CodeIgniter\CodeIgniter->handleRequest(NULL, Object(Config\Cache), false)
#9 C:\wamp\www\macassurances\public\index.php(37): CodeIgniter\CodeIgniter->run()
#10 C:\wamp\www\macassurances\system\Commands\Server\rewrite.php(43): require_once('C:\\wamp\\www\\mac...')
#11 {main}
CRITICAL - 2022-01-25 01:43:47 --> Undefined variable $titre
#0 C:\wamp\www\macassurances\app\Views\template\index.php(6): CodeIgniter\Debug\Exceptions->errorHandler(2, 'Undefined varia...', 'C:\\wamp\\www\\mac...', 6)
#1 C:\wamp\www\macassurances\system\View\View.php(210): include('C:\\wamp\\www\\mac...')
#2 C:\wamp\www\macassurances\system\View\View.php(213): CodeIgniter\View\View->CodeIgniter\View\{closure}()
#3 C:\wamp\www\macassurances\system\View\View.php(226): CodeIgniter\View\View->render('template/index', Array, true)
#4 C:\wamp\www\macassurances\system\Common.php(1089): CodeIgniter\View\View->render('slider/home-sli...', Array, true)
#5 C:\wamp\www\macassurances\app\Controllers\Home.php(14): view('slider/home-sli...')
#6 C:\wamp\www\macassurances\system\CodeIgniter.php(825): App\Controllers\Home->index()
#7 C:\wamp\www\macassurances\system\CodeIgniter.php(412): CodeIgniter\CodeIgniter->runController(Object(App\Controllers\Home))
#8 C:\wamp\www\macassurances\system\CodeIgniter.php(320): CodeIgniter\CodeIgniter->handleRequest(NULL, Object(Config\Cache), false)
#9 C:\wamp\www\macassurances\public\index.php(37): CodeIgniter\CodeIgniter->run()
#10 C:\wamp\www\macassurances\system\Commands\Server\rewrite.php(43): require_once('C:\\wamp\\www\\mac...')
#11 {main}
CRITICAL - 2022-01-25 06:01:44 --> Invalid file: services/nos-agences.php
#0 C:\wamp\www\macassurances\system\View\View.php(198): CodeIgniter\Exceptions\FrameworkException::forInvalidFile('services/nos-ag...')
#1 C:\wamp\www\macassurances\system\Common.php(1089): CodeIgniter\View\View->render('services/nos-ag...', Array, true)
#2 C:\wamp\www\macassurances\app\Controllers\Agences.php(24): view('services/nos-ag...', Array)
#3 C:\wamp\www\macassurances\system\CodeIgniter.php(825): App\Controllers\Agences->nosAgences()
#4 C:\wamp\www\macassurances\system\CodeIgniter.php(412): CodeIgniter\CodeIgniter->runController(Object(App\Controllers\Agences))
#5 C:\wamp\www\macassurances\system\CodeIgniter.php(320): CodeIgniter\CodeIgniter->handleRequest(NULL, Object(Config\Cache), false)
#6 C:\wamp\www\macassurances\public\index.php(37): CodeIgniter\CodeIgniter->run()
#7 C:\wamp\www\macassurances\system\Commands\Server\rewrite.php(43): require_once('C:\\wamp\\www\\mac...')
#8 {main}
CRITICAL - 2022-01-25 06:02:19 --> Invalid file: services/nos-agences.php
#0 C:\wamp\www\macassurances\system\View\View.php(198): CodeIgniter\Exceptions\FrameworkException::forInvalidFile('services/nos-ag...')
#1 C:\wamp\www\macassurances\system\Common.php(1089): CodeIgniter\View\View->render('services/nos-ag...', Array, true)
#2 C:\wamp\www\macassurances\app\Controllers\Agences.php(24): view('services/nos-ag...', Array)
#3 C:\wamp\www\macassurances\system\CodeIgniter.php(825): App\Controllers\Agences->agences()
#4 C:\wamp\www\macassurances\system\CodeIgniter.php(412): CodeIgniter\CodeIgniter->runController(Object(App\Controllers\Agences))
#5 C:\wamp\www\macassurances\system\CodeIgniter.php(320): CodeIgniter\CodeIgniter->handleRequest(NULL, Object(Config\Cache), false)
#6 C:\wamp\www\macassurances\public\index.php(37): CodeIgniter\CodeIgniter->run()
#7 C:\wamp\www\macassurances\system\Commands\Server\rewrite.php(43): require_once('C:\\wamp\\www\\mac...')
#8 {main}
