CRITICAL - 2022-01-28 00:33:18 --> foreach() argument must be of type array|object, string given
#0 C:\wamp\www\macassurances\app\Views\home\accueil.php(8): CodeIgniter\Debug\Exceptions->errorHandler(2, 'foreach() argum...', 'C:\\wamp\\www\\mac...', 8)
#1 C:\wamp\www\macassurances\system\View\View.php(210): include('C:\\wamp\\www\\mac...')
#2 C:\wamp\www\macassurances\system\View\View.php(213): CodeIgniter\View\View->CodeIgniter\View\{closure}()
#3 C:\wamp\www\macassurances\system\Common.php(1089): CodeIgniter\View\View->render('home/accueil', Array, true)
#4 C:\wamp\www\macassurances\app\Controllers\Home.php(37): view('home/accueil', Array)
#5 C:\wamp\www\macassurances\system\CodeIgniter.php(825): App\Controllers\Home->index()
#6 C:\wamp\www\macassurances\system\CodeIgniter.php(412): CodeIgniter\CodeIgniter->runController(Object(App\Controllers\Home))
#7 C:\wamp\www\macassurances\system\CodeIgniter.php(320): CodeIgniter\CodeIgniter->handleRequest(NULL, Object(Config\Cache), false)
#8 C:\wamp\www\macassurances\public\index.php(37): CodeIgniter\CodeIgniter->run()
#9 C:\wamp\www\macassurances\system\Commands\Server\rewrite.php(43): require_once('C:\\wamp\\www\\mac...')
#10 {main}
CRITICAL - 2022-01-28 00:35:01 --> foreach() argument must be of type array|object, string given
#0 C:\wamp\www\macassurances\app\Views\home\accueil.php(8): CodeIgniter\Debug\Exceptions->errorHandler(2, 'foreach() argum...', 'C:\\wamp\\www\\mac...', 8)
#1 C:\wamp\www\macassurances\system\View\View.php(210): include('C:\\wamp\\www\\mac...')
#2 C:\wamp\www\macassurances\system\View\View.php(213): CodeIgniter\View\View->CodeIgniter\View\{closure}()
#3 C:\wamp\www\macassurances\system\Common.php(1089): CodeIgniter\View\View->render('home/accueil', Array, true)
#4 C:\wamp\www\macassurances\app\Controllers\Home.php(37): view('home/accueil', Array)
#5 C:\wamp\www\macassurances\system\CodeIgniter.php(825): App\Controllers\Home->index()
#6 C:\wamp\www\macassurances\system\CodeIgniter.php(412): CodeIgniter\CodeIgniter->runController(Object(App\Controllers\Home))
#7 C:\wamp\www\macassurances\system\CodeIgniter.php(320): CodeIgniter\CodeIgniter->handleRequest(NULL, Object(Config\Cache), false)
#8 C:\wamp\www\macassurances\public\index.php(37): CodeIgniter\CodeIgniter->run()
#9 C:\wamp\www\macassurances\system\Commands\Server\rewrite.php(43): require_once('C:\\wamp\\www\\mac...')
#10 {main}
CRITICAL - 2022-01-28 00:51:02 --> foreach() argument must be of type array|object, string given
#0 C:\wamp\www\macassurances\app\Views\home\accueil.php(8): CodeIgniter\Debug\Exceptions->errorHandler(2, 'foreach() argum...', 'C:\\wamp\\www\\mac...', 8)
#1 C:\wamp\www\macassurances\system\View\View.php(210): include('C:\\wamp\\www\\mac...')
#2 C:\wamp\www\macassurances\system\View\View.php(213): CodeIgniter\View\View->CodeIgniter\View\{closure}()
#3 C:\wamp\www\macassurances\system\Common.php(1089): CodeIgniter\View\View->render('home/accueil', Array, true)
#4 C:\wamp\www\macassurances\app\Controllers\Home.php(37): view('home/accueil', Array)
#5 C:\wamp\www\macassurances\system\CodeIgniter.php(825): App\Controllers\Home->index()
#6 C:\wamp\www\macassurances\system\CodeIgniter.php(412): CodeIgniter\CodeIgniter->runController(Object(App\Controllers\Home))
#7 C:\wamp\www\macassurances\system\CodeIgniter.php(320): CodeIgniter\CodeIgniter->handleRequest(NULL, Object(Config\Cache), false)
#8 C:\wamp\www\macassurances\public\index.php(37): CodeIgniter\CodeIgniter->run()
#9 C:\wamp\www\macassurances\system\Commands\Server\rewrite.php(43): require_once('C:\\wamp\\www\\mac...')
#10 {main}
CRITICAL - 2022-01-28 00:51:16 --> foreach() argument must be of type array|object, string given
#0 C:\wamp\www\macassurances\app\Views\home\accueil.php(8): CodeIgniter\Debug\Exceptions->errorHandler(2, 'foreach() argum...', 'C:\\wamp\\www\\mac...', 8)
#1 C:\wamp\www\macassurances\system\View\View.php(210): include('C:\\wamp\\www\\mac...')
#2 C:\wamp\www\macassurances\system\View\View.php(213): CodeIgniter\View\View->CodeIgniter\View\{closure}()
#3 C:\wamp\www\macassurances\system\Common.php(1089): CodeIgniter\View\View->render('home/accueil', Array, true)
#4 C:\wamp\www\macassurances\app\Controllers\Home.php(37): view('home/accueil', Array)
#5 C:\wamp\www\macassurances\system\CodeIgniter.php(825): App\Controllers\Home->index()
#6 C:\wamp\www\macassurances\system\CodeIgniter.php(412): CodeIgniter\CodeIgniter->runController(Object(App\Controllers\Home))
#7 C:\wamp\www\macassurances\system\CodeIgniter.php(320): CodeIgniter\CodeIgniter->handleRequest(NULL, Object(Config\Cache), false)
#8 C:\wamp\www\macassurances\public\index.php(37): CodeIgniter\CodeIgniter->run()
#9 C:\wamp\www\macassurances\system\Commands\Server\rewrite.php(43): require_once('C:\\wamp\\www\\mac...')
#10 {main}
CRITICAL - 2022-01-28 02:47:42 --> foreach() argument must be of type array|object, string given
#0 C:\wamp\www\macassurances\app\Views\home\accueil.php(8): CodeIgniter\Debug\Exceptions->errorHandler(2, 'foreach() argum...', 'C:\\wamp\\www\\mac...', 8)
#1 C:\wamp\www\macassurances\system\View\View.php(210): include('C:\\wamp\\www\\mac...')
#2 C:\wamp\www\macassurances\system\View\View.php(213): CodeIgniter\View\View->CodeIgniter\View\{closure}()
#3 C:\wamp\www\macassurances\system\Common.php(1089): CodeIgniter\View\View->render('home/accueil', Array, true)
#4 C:\wamp\www\macassurances\app\Controllers\Home.php(37): view('home/accueil', Array)
#5 C:\wamp\www\macassurances\system\CodeIgniter.php(825): App\Controllers\Home->index()
#6 C:\wamp\www\macassurances\system\CodeIgniter.php(412): CodeIgniter\CodeIgniter->runController(Object(App\Controllers\Home))
#7 C:\wamp\www\macassurances\system\CodeIgniter.php(320): CodeIgniter\CodeIgniter->handleRequest(NULL, Object(Config\Cache), false)
#8 C:\wamp\www\macassurances\public\index.php(37): CodeIgniter\CodeIgniter->run()
#9 C:\wamp\www\macassurances\system\Commands\Server\rewrite.php(43): require_once('C:\\wamp\\www\\mac...')
#10 {main}
